This is pdfTeX, Version 3.141592653-2.6-1.40.24 (MiKTeX 22.3) (preloaded format=pdflatex 2022.3.16)  19 MAR 2022 14:54
entering extended mode
 restricted \write18 enabled.
 file:line:error style messages enabled.
 %&-line parsing enabled.
**./azure-architect-nanodegree.tex
(azure-architect-nanodegree.tex
LaTeX2e <2021-11-15> patch level 1
L3 programming layer <2022-02-24>
(C:\Users\hfmck\AppData\Local\Programs\MiKTeX\tex/latex/base\report.cls
Document Class: report 2021/10/04 v1.4n Standard LaTeX document class
(C:\Users\hfmck\AppData\Local\Programs\MiKTeX\tex/latex/base\size10.clo
File: size10.clo 2021/10/04 v1.4n Standard LaTeX file (size option)
)
\c@part=\count185
\c@chapter=\count186
\c@section=\count187
\c@subsection=\count188
\c@subsubsection=\count189
\c@paragraph=\count190
\c@subparagraph=\count191
\c@figure=\count192
\c@table=\count193
\abovecaptionskip=\skip47
\belowcaptionskip=\skip48
\bibindent=\dimen138
)
(C:\Users\hfmck\AppData\Local\Programs\MiKTeX\tex/latex/listings\listings.sty
(C:\Users\hfmck\AppData\Local\Programs\MiKTeX\tex/latex/graphics\keyval.sty
Package: keyval 2014/10/28 v1.15 key=value parser (DPC)
\KV@toks@=\toks16
)
\lst@mode=\count194
\lst@gtempboxa=\box50
\lst@token=\toks17
\lst@length=\count195
\lst@currlwidth=\dimen139
\lst@column=\count196
\lst@pos=\count197
\lst@lostspace=\dimen140
\lst@width=\dimen141
\lst@newlines=\count198
\lst@lineno=\count199
\lst@maxwidth=\dimen142

(C:\Users\hfmck\AppData\Local\Programs\MiKTeX\tex/latex/listings\lstmisc.sty
File: lstmisc.sty 2020/03/24 1.8d (Carsten Heinz)
\c@lstnumber=\count266
\lst@skipnumbers=\count267
\lst@framebox=\box51
)
(C:\Users\hfmck\AppData\Local\Programs\MiKTeX\tex/latex/listings\listings.cfg
File: listings.cfg 2020/03/24 1.8d listings configuration
))
Package: listings 2020/03/24 1.8d (Carsten Heinz)
(C:\Users\hfmck\AppData\Local\Programs\MiKTeX\tex/latex/graphics\color.sty
Package: color 2021/12/07 v1.3c Standard LaTeX Color (DPC)

(C:\Users\hfmck\AppData\Local\Programs\MiKTeX\tex/latex/graphics-cfg\color.cfg
File: color.cfg 2016/01/02 v1.6 sample color configuration
)
Package color Info: Driver file: pdftex.def on input line 149.

(C:\Users\hfmck\AppData\Local\Programs\MiKTeX\tex/latex/graphics-def\pdftex.def
File: pdftex.def 2020/10/05 v1.2a Graphics/color driver for pdftex
)) (C:\Users\hfmck\AppData\Local\Programs\MiKTeX\tex/latex/base\inputenc.sty
Package: inputenc 2021/02/14 v1.3d Input encoding file
\inpenc@prehook=\toks18
\inpenc@posthook=\toks19
)
Package color Info: Redefining color white on input line 10.

(C:\Users\hfmck\AppData\Local\Programs\MiKTeX\tex/latex/listings\lstlang1.sty
File: lstlang1.sty 2020/03/24 1.8d listings language file
)
(C:\Users\hfmck\AppData\Local\Programs\MiKTeX\tex/latex/listings\lstlang1.sty
File: lstlang1.sty 2020/03/24 1.8d listings language file
)

azure-architect-nanodegree.tex:29: Package keyval Error: color undefined.

See the keyval package documentation for explanation.
Type  H <return>  for immediate help.
 ...                                              
                                                  
l.29 }
      
Try typing  <return>  to proceed.
If that doesn't work, type  X <return>  to quit.


(C:\Users\hfmck\AppData\Local\Programs\MiKTeX\tex/latex/l3backend\l3backend-pdf
tex.def
File: l3backend-pdftex.def 2022-02-07 L3 backend support: PDF output (pdfTeX)
\l__color_backend_stack_int=\count268
\l__pdf_internal_box=\box52
)

LaTeX Warning: Unused global option(s):
    [14pt].

(C:/source\azure-cloud-architect\out\azure-architect-nanodegree.aux)
\openout1 = `azure-architect-nanodegree.aux'.

LaTeX Font Info:    Checking defaults for OML/cmm/m/it on input line 31.
LaTeX Font Info:    ... okay on input line 31.
LaTeX Font Info:    Checking defaults for OMS/cmsy/m/n on input line 31.
LaTeX Font Info:    ... okay on input line 31.
LaTeX Font Info:    Checking defaults for OT1/cmr/m/n on input line 31.
LaTeX Font Info:    ... okay on input line 31.
LaTeX Font Info:    Checking defaults for T1/cmr/m/n on input line 31.
LaTeX Font Info:    ... okay on input line 31.
LaTeX Font Info:    Checking defaults for TS1/cmr/m/n on input line 31.
LaTeX Font Info:    ... okay on input line 31.
LaTeX Font Info:    Checking defaults for OMX/cmex/m/n on input line 31.
LaTeX Font Info:    ... okay on input line 31.
LaTeX Font Info:    Checking defaults for U/cmr/m/n on input line 31.
LaTeX Font Info:    ... okay on input line 31.
\c@lstlisting=\count269

(C:\Users\hfmck\AppData\Local\Programs\MiKTeX\tex/context/base/mkii\supp-pdf.mk
ii
[Loading MPS to PDF converter (version 2006.09.02).]
\scratchcounter=\count270
\scratchdimen=\dimen143
\scratchbox=\box53
\nofMPsegments=\count271
\nofMParguments=\count272
\everyMPshowfont=\toks20
\MPscratchCnt=\count273
\MPscratchDim=\dimen144
\MPnumerator=\count274
\makeMPintoPDFobject=\count275
\everyMPtoPDFconversion=\toks21
)
Chapter 1.

azure-architect-nanodegree.tex:50: LaTeX Error: There's no line here to end.

See the LaTeX manual or LaTeX Companion for explanation.
Type  H <return>  for immediate help.
 ...                                              
                                                  
l.50 Y
      ou will be asked to create a password for the admin user. Once the VM ...

Your command was ignored.
Type  I <command> <return>  to replace it with another command,
or  <return>  to continue without it.


Underfull \hbox (badness 10000) in paragraph at lines 59--62

 []

[1


{C:/Users/hfmck/AppData/Local/MiKTeX/fonts/map/pdftex/pdftex.map}] [2]
(C:/source\azure-cloud-architect\out\azure-architect-nanodegree.aux) ) 
Here is how much of TeX's memory you used:
 2862 strings out of 478582
 41840 string characters out of 2844344
 599080 words of memory out of 3000000
 21081 multiletter control sequences out of 15000+600000
 472239 words of font info for 38 fonts, out of 8000000 for 9000
 1141 hyphenation exceptions out of 8191
 39i,5n,57p,282b,1192s stack positions out of 10000i,1000n,20000p,200000b,80000s
 <C:\User
s\hfmck\AppData\Local\MiKTeX\fonts/pk/ljfour/jknappen/ec/dpi600\tcrm1000.pk><C:
/Users/hfmck/AppData/Local/Programs/MiKTeX/fonts/type1/public/amsfonts/cm/cmbx1
0.pfb><C:/Users/hfmck/AppData/Local/Programs/MiKTeX/fonts/type1/public/amsfonts
/cm/cmbx12.pfb><C:/Users/hfmck/AppData/Local/Programs/MiKTeX/fonts/type1/public
/amsfonts/cm/cmr10.pfb><C:/Users/hfmck/AppData/Local/Programs/MiKTeX/fonts/type
1/public/amsfonts/cm/cmsl10.pfb><C:/Users/hfmck/AppData/Local/Programs/MiKTeX/f
onts/type1/public/amsfonts/cm/cmtt9.pfb>
Output written on C:/source\azure-cloud-architect\out\azure-architect-nanodegre
e.pdf (2 pages, 85517 bytes).
PDF statistics:
 39 PDF objects out of 1000 (max. 8388607)
 0 named destinations out of 1000 (max. 500000)
 1 words of extra memory for PDF output out of 10000 (max. 10000000)

